<?xml version="1.0" encoding="UTF-8"?>
<!-- Generated by org.testng.reporters.JUnitReportReporter -->
<testsuite skipped="0" hostname="COLBOGHDTEC34" name="com.decameron.BookSiteHotel" tests="1" failures="0" timestamp="06 Jun 2017 14:08:18 GMT" time="39.341" errors="0">
  <testcase name="bookAHotel" time="39.341" classname="com.decameron.BookSiteHotel"/>
</testsuite> <!-- com.decameron.BookSiteHotel -->
