<?xml version="1.0" encoding="UTF-8"?>
<!-- Generated by org.testng.reporters.JUnitReportReporter -->
<testsuite skipped="0" hostname="localhost.localdomain" name="com.decameron.BookSiteHotel" tests="1" failures="0" timestamp="24 May 2017 02:13:10 GMT" time="4.831" errors="0">
  <testcase name="bookAHotel" time="4.831" classname="com.decameron.BookSiteHotel"/>
</testsuite> <!-- com.decameron.BookSiteHotel -->
