<?xml version="1.0" encoding="UTF-8"?>
<!-- Generated by org.testng.reporters.JUnitReportReporter -->
<testsuite skipped="0" hostname="localhost.localdomain" name="com.decameron.BookSiteHotel" tests="1" failures="0" timestamp="27 May 2017 22:51:42 GMT" time="40.613" errors="0">
  <testcase name="bookAHotel" time="40.613" classname="com.decameron.BookSiteHotel"/>
</testsuite> <!-- com.decameron.BookSiteHotel -->
