<?xml version="1.0" encoding="UTF-8"?>
<!-- Generated by org.testng.reporters.JUnitReportReporter -->
<testsuite skipped="0" hostname="COLBOGHDTEC34" name="com.decameron.BookSiteHotel" tests="1" failures="0" timestamp="30 May 2017 19:53:36 GMT" time="58.518" errors="0">
  <testcase name="bookAHotel" time="58.518" classname="com.decameron.BookSiteHotel"/>
</testsuite> <!-- com.decameron.BookSiteHotel -->
