<?xml version="1.0" encoding="UTF-8"?>
<!-- Generated by org.testng.reporters.JUnitReportReporter -->
<testsuite skipped="0" hostname="COLBOGHDTEC34" name="com.decameron.BookSiteHotel" tests="1" failures="0" timestamp="25 May 2017 15:17:44 GMT" time="34.613" errors="0">
  <testcase name="bookAHotel" time="34.613" classname="com.decameron.BookSiteHotel"/>
</testsuite> <!-- com.decameron.BookSiteHotel -->
